<?xml version="1.0" encoding="utf-8"?><testsuites><testsuite name="pytest" errors="1" failures="0" skipped="0" tests="1" time="0.066" timestamp="2024-07-23T07:02:09.061916" hostname="a4d24354281a"><testcase classname="" name="tests.ui.ui_test" time="0.000"><error message="collection failure">ImportError while importing test module '/var/jenkins_home/workspace/Practical Test/workspace/webapp/tests/ui/ui_test.py'.
Hint: make sure your test modules/packages have valid Python names.
Traceback:
/usr/lib/python3.11/importlib/__init__.py:126: in import_module
    return _bootstrap._gcd_import(name[level:], package, level)
tests/ui/ui_test.py:1: in &lt;module&gt;
    from selenium import webdriver
E   ModuleNotFoundError: No module named 'selenium'</error></testcase></testsuite></testsuites>