Started by user unknown or anonymous
Obtained Jenkinsfile from git https://github.com/SelenaxPS/ICT2216_Practical
[8mha:////4MVZFM5aDQ1uhC70wCxAt293Mwjz50pQPIa4oJogjbw2AAAAoh+LCAAAAAAAAP9tjTEOwjAQBM8BClpKHuFItIiK1krDC0x8GCfWnbEdkooX8TX+gCESFVvtrLSa5wtWKcKBo5UdUu8otU4GP9jS5Mixv3geZcdn2TIl9igbHBs2eJyx4YwwR1SwULBGaj0nRzbDRnX6rmuvydanHMu2V1A5c4MHCFXMWcf8hSnC9jqYxPTz/BXAFEIGsfuclm8zQVqFvQAAAA==[0m[Pipeline] Start of Pipeline
[8mha:////4EOQRH4udfqq+qu7U5R0Rt9vWPGmfBCIgfXUPSTIUt1MAAAApR+LCAAAAAAAAP9tjTEOwjAUQ3+KOrAycohUghExsUZZOEFIQkgb/d8mKe3EibgadyBQiQlLlmxL1nu+oE4RjhQdby12HpP2vA+jK4lPFLtroIm3dOGaMFGwXNpJkrGnpUrKFhaxClYC1hZ1oOTRZdiIVt1VExS65pxj2Q4CKm8GeAAThZxVzN8yR9jeRpMIf5y/AJj7DGxXvP/86jduZBmjwAAAAA==[0m[Pipeline] node
Running on [8mha:////4JujYsucw8Zc4LpdapzTJKhUPIm1oG5yO7q7ZSEXde4DAAAAoR+LCAAAAAAAAP9b85aBtbiIQTGjNKU4P08vOT+vOD8nVc83PyU1x6OyILUoJzMv2y+/JJUBAhiZGBgqihhk0NSjKDWzXb3RdlLBUSYGJk8GtpzUvPSSDB8G5tKinBIGIZ+sxLJE/ZzEvHT94JKizLx0a6BxUmjGOUNodHsLgAz2EgZR/eT83ILSktQifY2k0sycEt3MPE19AHHxbH3KAAAA[0mJenkins in /var/jenkins_home/workspace/Practical Test
[8mha:////4JR/Z6XQvWUgScUYZgFNGGXjM4Ms+6NbUxh3XXbrE9WiAAAApR+LCAAAAAAAAP9tjTEOwjAUQ3+KOrAycoh0gA0xsUZZOEFIQkgb/d8mKe3EibgadyBQiQlLlmxL1nu+oE4RjhQdby12HpP2vA+jK4lPFLtroIm3dOGaMFGwXNpJkrGnpUrKFhaxClYC1hZ1oOTRZdiIVt1VExS65pxj2Q4CKm8GeAAThZxVzN8yR9jeRpMIf5y/AJj7DGxXvP/86jfoP95RwAAAAA==[0m[Pipeline] {
[8mha:////4I7D6skW7bDF3X47TW91QGsj2w5glyqIeHiCLUJ9LDUlAAAApR+LCAAAAAAAAP9tjTEOwjAUQ3+KOrAycoh0gQkxsUZZOEFIQkgb/d8mKe3EibgadyBQiQlLlmxL1nu+oE4RjhQdby12HpP2vA+jK4lPFLtroIm3dOGaMFGwXNpJkrGnpUrKFhaxClYC1hZ1oOTRZdiIVt1VExS65pxj2Q4CKm8GeAAThZxVzN8yR9jeRpMIf5y/AJj7DGxXvP/86jc09154wAAAAA==[0m[Pipeline] stage
[8mha:////4P/mFS2dlaz7A2JU9MIwTiXQ9Dpc0o+syMc0m+Fu1MADAAAApR+LCAAAAAAAAP9tjTEOwjAUQ3+KOrAycoh0ggUxsUZZOEFIQkgb/d8mKe3EibgadyBQiQlLlmxL1nu+oE4RjhQdby12HpP2vA+jK4lPFLtroIm3dOGaMFGwXNpJkrGnpUrKFhaxClYC1hZ1oOTRZdiIVt1VExS65pxj2Q4CKm8GeAAThZxVzN8yR9jeRpMIf5y/AJj7DGxXvP/86jek7ggRwAAAAA==[0m[Pipeline] { (Declarative: Checkout SCM)
[8mha:////4Ibq95CfKlnQCTigCEpfG3Llo3WsQiu2DoFQGAqWGD5TAAAAoh+LCAAAAAAAAP9tjTEOAiEURD9rLGwtPQTbaWGsbAmNJ0AWEZb8zwLrbuWJvJp3kLiJlZNMMm+a93rDOic4UbLcG+wdZu14DKOti0+U+lugiXu6ck2YKRguzSSpM+cFJRUDS1gDKwEbgzpQdmgLbIVXD9UGhba9lFS/o4DGdQM8gYlqLiqVL8wJdvexy4Q/z18BzLEA29ce4gfg7KmOvAAAAA==[0m[Pipeline] checkout
The recommended git tool is: git
No credentials specified
 > git rev-parse --resolve-git-dir /var/jenkins_home/workspace/Practical Test/.git # timeout=10
Fetching changes from the remote Git repository
 > git config remote.origin.url https://github.com/SelenaxPS/ICT2216_Practical # timeout=10
Fetching upstream changes from https://github.com/SelenaxPS/ICT2216_Practical
 > git --version # timeout=10
 > git --version # 'git version 2.39.2'
 > git fetch --tags --force --progress -- https://github.com/SelenaxPS/ICT2216_Practical +refs/heads/*:refs/remotes/origin/* # timeout=10
 > git rev-parse refs/remotes/origin/main^{commit} # timeout=10
Checking out Revision f74cbc54e4adadf200c6cd4bc2958f25de093f1a (refs/remotes/origin/main)
 > git config core.sparsecheckout # timeout=10
 > git checkout -f f74cbc54e4adadf200c6cd4bc2958f25de093f1a # timeout=10
Commit message: "[Update] Jenkins file"
 > git rev-list --no-walk 42bad76954fc6b3577be6b2fac55346270894992 # timeout=10
[8mha:////4JYeS6NYSXJBZBvM0cALn+gZOw2zw8eA5Mutp+GP6ALkAAAAoh+LCAAAAAAAAP9tjTEOAiEURD9rLGwtPQTbGRNjZUtoPAGyiLDkfxZYdytP5NW8g8RNrJxkknnTvNcb1jnBiZLl3mDvMGvHYxhtXXyi1N8CTdzTlWvCTMFwaSZJnTkvKKkYWMIaWAnYGNSBskNbYCu8eqg2KLTtpaT6HQU0rhvgCUxUc1GpfGFOsLuPXSb8ef4KYI6xADvU7j9Dg2gqvAAAAA==[0m[Pipeline] }
[8mha:////4BXfMmc2LAkT/Fe6ANGSjC1JjDbaBVhdcPHiou8j/7fiAAAAoh+LCAAAAAAAAP9tjTEOAiEURD9rLGwtPQRbWRhjZUtoPAGyiLDkfxZYdytP5NW8g8RNrJxkknnTvNcb1jnBiZLl3mDvMGvHYxhtXXyi1N8CTdzTlWvCTMFwaSZJnTkvKKkYWMIaWAnYGNSBskNbYCu8eqg2KLTtpaT6HQU0rhvgCUxUc1GpfGFOsLuPXSb8ef4KYI6xADvU7j9J+wGOvAAAAA==[0m[Pipeline] // stage
[8mha:////4O4/IvJTIQY23WLNIFo39MevNye+rkrN7I5vGZ9H9VNCAAAAph+LCAAAAAAAAP9tjTEOwjAQBM9BKWgpeYQDEh2iorXc8AITG+PEugv2haTiRXyNPxCIRMVWOyut5vmCMic4UPKycdgGzHWQXez91ORAqb1EGmRDZ1kTZopOajdosu44oyZ2MEcUsFCwdFhHygE9w0o15m6qaNBXJ07TtldQBHuDBwg1mdkk/sKYYH3tbSb8ef4KYOwYxI6h2G4+x/INtuQqUcEAAAA=[0m[Pipeline] withEnv
[8mha:////4Nf8/p0a1PML8+LWB+6V0HoSii5U52iE1lPpzjzqH+6oAAAApR+LCAAAAAAAAP9tjTEOwjAUQ3+DOrAycoiUzoiJNerCCUITQtLo/zZJSSdOxNW4Ay2VmPBg2Zas93pDGQOcKBjuNHYWY2t570czJ54pdDdPmTu68pYwkte80bkhpc9rbShpWFUw2AjYamw9RYsmwU44+ZCVl2iqSwrzdhTArBrgCYWYyUmG9C1TgP19VJHwx/kLgKlPwOrDYvXyLD8BobDcwgAAAA==[0m[Pipeline] {
[8mha:////4N1vLltXVPY5Z/vY3HGiA145SkDj+gWUjoGWtOUGHWYjAAAAph+LCAAAAAAAAP9tjTEOwjAUQ3+LOrAycohUZUVMrFEWThCaEJJG/7dJSjpxIq7GHWipxIQHy7ZkvdcbqhjgRMEwp7GzGFvLej+aObFMobt5yszRlbWEkbxmQmdBSp/XKihpWFWUsOGw1dh6ihZNgh138iFrL9HUlxTm7cihtGqAJxR8JicZ0rdMAfb3UUXCH+cvAKY+Qdk0ix2WZ/UBbwyqm8IAAAA=[0m[Pipeline] withEnv
[8mha:////4Eap7xsr3Rzgdv64ittoLKJvKIJblbtPdjebHXPTjCwjAAAAph+LCAAAAAAAAP9tjTEOwjAUQ3+LOrAycohUwIiYukZZOEFoQkgb/V9+UtqJE3E17kBLJSY8WLYl673eUESGE7ETjcXWY6y96ELvpiQG4vYaaBANXURNGClYoeygyNhqqYqShUVZDisJa4t1oOjRJdjIRj90GTS68px42o4Scm/u8IRMTuSkOX3LyLC99SYS/jh/ATB2CfLdfrbD/Cw+y7kUycIAAAA=[0m[Pipeline] {
[8mha:////4CNk8naVcjkN2QMaM0BulYf5JqjGi8oYeFDcxq2lYBO5AAAApx+LCAAAAAAAAP9tjTEOwjAUQ3+LOrAycohUCDbE1DXKwglCE0La6P/yk9JOnIircQdaKjHhwbItWe/1hiIynIidaCy2HmPtRRd6NyUxELfXQINo6CJqwkjBCmUHRcZWS1WULCzKclhJWFusA0WPLsFGNvqhy6DRlefE03aUkHtzhydkciInzelbRobtrTeR8Mf5C4CxS5Dv9rMd5mfxAbNWnxXCAAAA[0m[Pipeline] stage
[8mha:////4OP/Wrp8FAbEbmqBtZzUobda4HKofAVwumrmYco8BDlOAAAApx+LCAAAAAAAAP9tjTEOwjAUQ3+LOrAycohUSDAhpq5RFk4QmhDSRv+Xn5R24kRcjTvQUokJD5ZtyXqvNxSR4UTsRGOx9RhrL7rQuymJgbi9BhpEQxdRE0YKVig7KDK2WqqiZGFRlsNKwtpiHSh6dAk2stEPXQaNrjwnnrajhNybOzwhkxM5aU7fMjJsb72JhD/OXwCMXYJ8t5/tMD+LD5WQ+PfCAAAA[0m[Pipeline] { (Check Docker)
[8mha:////4KaXQPkx0V1d5M37iGa4YDNA1lxLWmuj9jqMzxwHgmDmAAAApB+LCAAAAAAAAP9tjTEOwjAQBC9BFLSUPOIiCmgQVVrLDS8wsTFOrDtjOyQVL+Jr/IFAJCq2WO1sM88XLFOEI0eLraHOUWocBt/baeHAsbt4HrDlMzZMib1BaQbJ2tQzSs4G5hQlLASsDDWekyObYS1adVeVV2SrU47TdxBQOn2DBxRiMmcV8xfGCJtrrxPTz/NXAGPIUG53n9qHN7LjSKW+AAAA[0m[Pipeline] sh
+ 
+ echo Docker is not installed. Installing Docker...
Docker is not installed. Installing Docker...
+ apt-get update
+ command -v docker
Get:1 http://deb.debian.org/debian bookworm InRelease [151 kB]
Get:2 http://deb.debian.org/debian bookworm-updates InRelease [55.4 kB]
Get:3 http://deb.debian.org/debian-security bookworm-security InRelease [48.0 kB]
Get:4 http://deb.debian.org/debian bookworm/main amd64 Packages [8788 kB]
Get:5 http://deb.debian.org/debian bookworm-updates/main amd64 Packages [13.8 kB]
Get:6 http://deb.debian.org/debian-security bookworm-security/main amd64 Packages [169 kB]
Get:7 https://packagecloud.io/github/git-lfs/debian bookworm InRelease [28.0 kB]
Get:8 https://packagecloud.io/github/git-lfs/debian bookworm/main amd64 Packages [2500 B]
Fetched 9255 kB in 2s (4363 kB/s)
Reading package lists...
+ apt-get install -y docker.io
Reading package lists...
Building dependency tree...
Reading state information...
The following additional packages will be installed:
  apparmor binutils binutils-common binutils-x86-64-linux-gnu cgroupfs-mount
  containerd criu dbus dbus-bin dbus-daemon dbus-session-bus-common
  dbus-system-bus-common dbus-user-session dmsetup gettext-base iproute2
  iptables libapparmor1 libargon2-1 libatm1 libbinutils libbpf1 libcap2-bin
  libcryptsetup12 libctf-nobfd0 libctf0 libdbus-1-3 libdevmapper1.02.1 libelf1
  libfdisk1 libgprofng0 libintl-perl libintl-xs-perl libip4tc2 libip6tc2
  libjansson4 libjson-c5 libkmod2 libmnl0 libmodule-find-perl
  libmodule-scandeps-perl libnet1 libnetfilter-conntrack3 libnfnetlink0
  libnftables1 libnftnl11 libnl-3-200 libnsl2 libnss-systemd libpam-cap
  libpam-systemd libproc-processtable-perl libprotobuf-c1 libprotobuf32
  libpython3-stdlib libpython3.11-minimal libpython3.11-stdlib
  libsort-naturally-perl libsystemd-shared libterm-readkey-perl
  libtirpc-common libtirpc3 libxtables12 media-types needrestart netbase
  nftables python3 python3-minimal python3-protobuf python3.11
  python3.11-minimal runc sgml-base systemd systemd-sysv systemd-timesyncd
  xz-utils
Suggested packages:
  apparmor-profiles-extra apparmor-utils binutils-doc
  containernetworking-plugins docker-doc aufs-tools btrfs-progs debootstrap
  rinse rootlesskit xfsprogs zfs-fuse | zfsutils-linux iproute2-doc firewalld
  kmod needrestart-session | libnotify-bin iucode-tool python3-doc python3-tk
  python3-venv python3.11-venv python3.11-doc binfmt-support sgml-base-doc
  systemd-container systemd-homed systemd-userdbd systemd-boot
  systemd-resolved libqrencode4 libtss2-esys-3.0.2-0 libtss2-mu0 libtss2-rc0
  polkitd | policykit-1
The following NEW packages will be installed:
  apparmor binutils binutils-common binutils-x86-64-linux-gnu cgroupfs-mount
  containerd criu dbus dbus-bin dbus-daemon dbus-session-bus-common
  dbus-system-bus-common dbus-user-session dmsetup docker.io gettext-base
  iproute2 iptables libapparmor1 libargon2-1 libatm1 libbinutils libbpf1
  libcap2-bin libcryptsetup12 libctf-nobfd0 libctf0 libdbus-1-3
  libdevmapper1.02.1 libelf1 libfdisk1 libgprofng0 libintl-perl
  libintl-xs-perl libip4tc2 libip6tc2 libjansson4 libjson-c5 libkmod2 libmnl0
  libmodule-find-perl libmodule-scandeps-perl libnet1 libnetfilter-conntrack3
  libnfnetlink0 libnftables1 libnftnl11 libnl-3-200 libnsl2 libnss-systemd
  libpam-cap libpam-systemd libproc-processtable-perl libprotobuf-c1
  libprotobuf32 libpython3-stdlib libpython3.11-minimal libpython3.11-stdlib
  libsort-naturally-perl libsystemd-shared libterm-readkey-perl
  libtirpc-common libtirpc3 libxtables12 media-types needrestart netbase
  nftables python3 python3-minimal python3-protobuf python3.11
  python3.11-minimal runc sgml-base systemd systemd-sysv systemd-timesyncd
  xz-utils
0 upgraded, 79 newly installed, 0 to remove and 0 not upgraded.
Need to get 90.3 MB of archives.
After this operation, 365 MB of additional disk space will be used.
Get:1 http://deb.debian.org/debian bookworm/main amd64 libargon2-1 amd64 0~20171227-0.3+deb12u1 [19.4 kB]
Get:2 http://deb.debian.org/debian bookworm/main amd64 dmsetup amd64 2:1.02.185-2 [82.0 kB]
Get:3 http://deb.debian.org/debian bookworm/main amd64 libdevmapper1.02.1 amd64 2:1.02.185-2 [133 kB]
Get:4 http://deb.debian.org/debian bookworm/main amd64 libjson-c5 amd64 0.16-2 [44.1 kB]
Get:5 http://deb.debian.org/debian bookworm/main amd64 libcryptsetup12 amd64 2:2.6.1-4~deb12u2 [223 kB]
Get:6 http://deb.debian.org/debian bookworm/main amd64 libfdisk1 amd64 2.38.1-5+deb12u1 [193 kB]
Get:7 http://deb.debian.org/debian bookworm/main amd64 libkmod2 amd64 30+20221128-1 [57.9 kB]
Get:8 http://deb.debian.org/debian bookworm/main amd64 libapparmor1 amd64 3.0.8-3 [41.2 kB]
Get:9 http://deb.debian.org/debian bookworm/main amd64 libip4tc2 amd64 1.8.9-2 [19.0 kB]
Get:10 http://deb.debian.org/debian bookworm/main amd64 libsystemd-shared amd64 252.26-1~deb12u2 [1692 kB]
Get:11 http://deb.debian.org/debian bookworm/main amd64 systemd amd64 252.26-1~deb12u2 [3035 kB]
Get:12 http://deb.debian.org/debian bookworm/main amd64 systemd-sysv amd64 252.26-1~deb12u2 [42.3 kB]
Get:13 http://deb.debian.org/debian bookworm/main amd64 libdbus-1-3 amd64 1.14.10-1~deb12u1 [201 kB]
Get:14 http://deb.debian.org/debian bookworm/main amd64 dbus-bin amd64 1.14.10-1~deb12u1 [105 kB]
Get:15 http://deb.debian.org/debian bookworm/main amd64 dbus-session-bus-common all 1.14.10-1~deb12u1 [78.2 kB]
Get:16 http://deb.debian.org/debian bookworm/main amd64 dbus-daemon amd64 1.14.10-1~deb12u1 [184 kB]
Get:17 http://deb.debian.org/debian bookworm/main amd64 dbus-system-bus-common all 1.14.10-1~deb12u1 [79.3 kB]
Get:18 http://deb.debian.org/debian bookworm/main amd64 dbus amd64 1.14.10-1~deb12u1 [97.4 kB]
Get:19 http://deb.debian.org/debian bookworm/main amd64 runc amd64 1.1.5+ds1-1+deb12u1 [2710 kB]
Get:20 http://deb.debian.org/debian bookworm/main amd64 containerd amd64 1.6.20~ds1-1+b1 [25.9 MB]
Get:21 http://deb.debian.org/debian bookworm/main amd64 libip6tc2 amd64 1.8.9-2 [19.4 kB]
Get:22 http://deb.debian.org/debian bookworm/main amd64 libxtables12 amd64 1.8.9-2 [30.8 kB]
Get:23 http://deb.debian.org/debian bookworm/main amd64 netbase all 6.4 [12.8 kB]
Get:24 http://deb.debian.org/debian bookworm/main amd64 libmnl0 amd64 1.0.4-3 [12.5 kB]
Get:25 http://deb.debian.org/debian bookworm/main amd64 libnfnetlink0 amd64 1.0.2-2 [15.1 kB]
Get:26 http://deb.debian.org/debian bookworm/main amd64 libnetfilter-conntrack3 amd64 1.0.9-3 [40.7 kB]
Get:27 http://deb.debian.org/debian bookworm/main amd64 libnftnl11 amd64 1.2.4-2 [61.6 kB]
Get:28 http://deb.debian.org/debian bookworm/main amd64 iptables amd64 1.8.9-2 [360 kB]
Get:29 http://deb.debian.org/debian bookworm/main amd64 docker.io amd64 20.10.24+dfsg1-1+b3 [36.2 MB]
Get:30 http://deb.debian.org/debian bookworm/main amd64 libpython3.11-minimal amd64 3.11.2-6+deb12u2 [814 kB]
Get:31 http://deb.debian.org/debian bookworm/main amd64 python3.11-minimal amd64 3.11.2-6+deb12u2 [2067 kB]
Get:32 http://deb.debian.org/debian bookworm/main amd64 python3-minimal amd64 3.11.2-1+b1 [26.3 kB]
Get:33 http://deb.debian.org/debian bookworm/main amd64 media-types all 10.0.0 [26.1 kB]
Get:34 http://deb.debian.org/debian bookworm/main amd64 libtirpc-common all 1.3.3+ds-1 [14.0 kB]
Get:35 http://deb.debian.org/debian bookworm/main amd64 libtirpc3 amd64 1.3.3+ds-1 [85.2 kB]
Get:36 http://deb.debian.org/debian bookworm/main amd64 libnsl2 amd64 1.3.0-2 [39.5 kB]
Get:37 http://deb.debian.org/debian bookworm/main amd64 libpython3.11-stdlib amd64 3.11.2-6+deb12u2 [1799 kB]
Get:38 http://deb.debian.org/debian bookworm/main amd64 python3.11 amd64 3.11.2-6+deb12u2 [573 kB]
Get:39 http://deb.debian.org/debian bookworm/main amd64 libpython3-stdlib amd64 3.11.2-1+b1 [9312 B]
Get:40 http://deb.debian.org/debian bookworm/main amd64 python3 amd64 3.11.2-1+b1 [26.3 kB]
Get:41 http://deb.debian.org/debian bookworm/main amd64 sgml-base all 1.31 [15.4 kB]
Get:42 http://deb.debian.org/debian bookworm/main amd64 libelf1 amd64 0.188-2.1 [174 kB]
Get:43 http://deb.debian.org/debian bookworm/main amd64 libbpf1 amd64 1:1.1.0-1 [145 kB]
Get:44 http://deb.debian.org/debian bookworm/main amd64 libcap2-bin amd64 1:2.66-4 [34.7 kB]
Get:45 http://deb.debian.org/debian bookworm/main amd64 iproute2 amd64 6.1.0-3 [1046 kB]
Get:46 http://deb.debian.org/debian bookworm/main amd64 libjansson4 amd64 2.14-2 [40.8 kB]
Get:47 http://deb.debian.org/debian bookworm/main amd64 libnftables1 amd64 1.0.6-2+deb12u2 [299 kB]
Get:48 http://deb.debian.org/debian bookworm/main amd64 nftables amd64 1.0.6-2+deb12u2 [70.3 kB]
Get:49 http://deb.debian.org/debian bookworm/main amd64 gettext-base amd64 0.21-12 [160 kB]
Get:50 http://deb.debian.org/debian bookworm/main amd64 libnss-systemd amd64 252.26-1~deb12u2 [163 kB]
Get:51 http://deb.debian.org/debian bookworm/main amd64 libpam-systemd amd64 252.26-1~deb12u2 [225 kB]
Get:52 http://deb.debian.org/debian bookworm/main amd64 systemd-timesyncd amd64 252.26-1~deb12u2 [63.4 kB]
Get:53 http://deb.debian.org/debian bookworm/main amd64 xz-utils amd64 5.4.1-0.2 [471 kB]
Get:54 http://deb.debian.org/debian bookworm/main amd64 apparmor amd64 3.0.8-3 [616 kB]
Get:55 http://deb.debian.org/debian bookworm/main amd64 binutils-common amd64 2.40-2 [2487 kB]
Get:56 http://deb.debian.org/debian bookworm/main amd64 libbinutils amd64 2.40-2 [572 kB]
Get:57 http://deb.debian.org/debian bookworm/main amd64 libctf-nobfd0 amd64 2.40-2 [153 kB]
Get:58 http://deb.debian.org/debian bookworm/main amd64 libctf0 amd64 2.40-2 [89.8 kB]
Get:59 http://deb.debian.org/debian bookworm/main amd64 libgprofng0 amd64 2.40-2 [812 kB]
Get:60 http://deb.debian.org/debian bookworm/main amd64 binutils-x86-64-linux-gnu amd64 2.40-2 [2246 kB]
Get:61 http://deb.debian.org/debian bookworm/main amd64 binutils amd64 2.40-2 [65.0 kB]
Get:62 http://deb.debian.org/debian bookworm/main amd64 cgroupfs-mount all 1.4 [6276 B]
Get:63 http://deb.debian.org/debian bookworm/main amd64 libprotobuf32 amd64 3.21.12-3 [932 kB]
Get:64 http://deb.debian.org/debian bookworm/main amd64 python3-protobuf amd64 3.21.12-3 [245 kB]
Get:65 http://deb.debian.org/debian bookworm/main amd64 libnet1 amd64 1.1.6+dfsg-3.2 [60.3 kB]
Get:66 http://deb.debian.org/debian bookworm/main amd64 libnl-3-200 amd64 3.7.0-0.2+b1 [63.1 kB]
Get:67 http://deb.debian.org/debian bookworm/main amd64 libprotobuf-c1 amd64 1.4.1-1+b1 [27.5 kB]
Get:68 http://deb.debian.org/debian bookworm/main amd64 criu amd64 3.17.1-2 [665 kB]
Get:69 http://deb.debian.org/debian bookworm/main amd64 dbus-user-session amd64 1.14.10-1~deb12u1 [78.1 kB]
Get:70 http://deb.debian.org/debian bookworm/main amd64 libatm1 amd64 1:2.5.1-4+b2 [68.3 kB]
Get:71 http://deb.debian.org/debian bookworm/main amd64 libintl-perl all 1.33-1 [720 kB]
Get:72 http://deb.debian.org/debian bookworm/main amd64 libintl-xs-perl amd64 1.33-1 [15.6 kB]
Get:73 http://deb.debian.org/debian bookworm/main amd64 libmodule-find-perl all 0.16-2 [10.6 kB]
Get:74 http://deb.debian.org/debian bookworm/main amd64 libmodule-scandeps-perl all 1.31-2 [41.7 kB]
Get:75 http://deb.debian.org/debian bookworm/main amd64 libpam-cap amd64 1:2.66-4 [14.5 kB]
Get:76 http://deb.debian.org/debian bookworm/main amd64 libproc-processtable-perl amd64 0.634-1+b2 [43.1 kB]
Get:77 http://deb.debian.org/debian bookworm/main amd64 libsort-naturally-perl all 1.03-4 [13.1 kB]
Get:78 http://deb.debian.org/debian bookworm/main amd64 libterm-readkey-perl amd64 2.38-2+b1 [24.5 kB]
Get:79 http://deb.debian.org/debian bookworm/main amd64 needrestart all 3.6-4+deb12u1 [59.8 kB]
debconf: delaying package configuration, since apt-utils is not installed
Fetched 90.3 MB in 3s (26.2 MB/s)
Selecting previously unselected package libargon2-1:amd64.
(Reading database ... (Reading database ... 5%(Reading database ... 10%(Reading database ... 15%(Reading database ... 20%(Reading database ... 25%(Reading database ... 30%(Reading database ... 35%(Reading database ... 40%(Reading database ... 45%(Reading database ... 50%(Reading database ... 55%(Reading database ... 60%(Reading database ... 65%(Reading database ... 70%(Reading database ... 75%(Reading database ... 80%(Reading database ... 85%(Reading database ... 90%(Reading database ... 95%(Reading database ... 100%(Reading database ... 10571 files and directories currently installed.)
Preparing to unpack .../00-libargon2-1_0~20171227-0.3+deb12u1_amd64.deb ...
Unpacking libargon2-1:amd64 (0~20171227-0.3+deb12u1) ...
Selecting previously unselected package dmsetup.
Preparing to unpack .../01-dmsetup_2%3a1.02.185-2_amd64.deb ...
Unpacking dmsetup (2:1.02.185-2) ...
Selecting previously unselected package libdevmapper1.02.1:amd64.
Preparing to unpack .../02-libdevmapper1.02.1_2%3a1.02.185-2_amd64.deb ...
Unpacking libdevmapper1.02.1:amd64 (2:1.02.185-2) ...
Selecting previously unselected package libjson-c5:amd64.
Preparing to unpack .../03-libjson-c5_0.16-2_amd64.deb ...
Unpacking libjson-c5:amd64 (0.16-2) ...
Selecting previously unselected package libcryptsetup12:amd64.
Preparing to unpack .../04-libcryptsetup12_2%3a2.6.1-4~deb12u2_amd64.deb ...
Unpacking libcryptsetup12:amd64 (2:2.6.1-4~deb12u2) ...
Selecting previously unselected package libfdisk1:amd64.
Preparing to unpack .../05-libfdisk1_2.38.1-5+deb12u1_amd64.deb ...
Unpacking libfdisk1:amd64 (2.38.1-5+deb12u1) ...
Selecting previously unselected package libkmod2:amd64.
Preparing to unpack .../06-libkmod2_30+20221128-1_amd64.deb ...
Unpacking libkmod2:amd64 (30+20221128-1) ...
Selecting previously unselected package libapparmor1:amd64.
Preparing to unpack .../07-libapparmor1_3.0.8-3_amd64.deb ...
Unpacking libapparmor1:amd64 (3.0.8-3) ...
Selecting previously unselected package libip4tc2:amd64.
Preparing to unpack .../08-libip4tc2_1.8.9-2_amd64.deb ...
Unpacking libip4tc2:amd64 (1.8.9-2) ...
Selecting previously unselected package libsystemd-shared:amd64.
Preparing to unpack .../09-libsystemd-shared_252.26-1~deb12u2_amd64.deb ...
Unpacking libsystemd-shared:amd64 (252.26-1~deb12u2) ...
Selecting previously unselected package systemd.
Preparing to unpack .../10-systemd_252.26-1~deb12u2_amd64.deb ...
Unpacking systemd (252.26-1~deb12u2) ...
Setting up libargon2-1:amd64 (0~20171227-0.3+deb12u1) ...
Setting up libjson-c5:amd64 (0.16-2) ...
Setting up libfdisk1:amd64 (2.38.1-5+deb12u1) ...
Setting up libkmod2:amd64 (30+20221128-1) ...
Setting up libapparmor1:amd64 (3.0.8-3) ...
Setting up libip4tc2:amd64 (1.8.9-2) ...
Setting up libsystemd-shared:amd64 (252.26-1~deb12u2) ...
Setting up libdevmapper1.02.1:amd64 (2:1.02.185-2) ...
Setting up libcryptsetup12:amd64 (2:2.6.1-4~deb12u2) ...
Setting up systemd (252.26-1~deb12u2) ...
Created symlink /etc/systemd/system/getty.target.wants/getty@tty1.service â†’ /lib/systemd/system/getty@.service.
Created symlink /etc/systemd/system/multi-user.target.wants/remote-fs.target â†’ /lib/systemd/system/remote-fs.target.
Created symlink /etc/systemd/system/sysinit.target.wants/systemd-pstore.service â†’ /lib/systemd/system/systemd-pstore.service.
Initializing machine ID from random generator.
Creating group 'systemd-journal' with GID 999.
Creating group 'systemd-network' with GID 998.
Creating user 'systemd-network' (systemd Network Management) with UID 998 and GID 998.
Setting up dmsetup (2:1.02.185-2) ...
Selecting previously unselected package systemd-sysv.
(Reading database ... (Reading database ... 5%(Reading database ... 10%(Reading database ... 15%(Reading database ... 20%(Reading database ... 25%(Reading database ... 30%(Reading database ... 35%(Reading database ... 40%(Reading database ... 45%(Reading database ... 50%(Reading database ... 55%(Reading database ... 60%(Reading database ... 65%(Reading database ... 70%(Reading database ... 75%(Reading database ... 80%(Reading database ... 85%(Reading database ... 90%(Reading database ... 95%(Reading database ... 100%(Reading database ... 11487 files and directories currently installed.)
Preparing to unpack .../00-systemd-sysv_252.26-1~deb12u2_amd64.deb ...
Unpacking systemd-sysv (252.26-1~deb12u2) ...
Selecting previously unselected package libdbus-1-3:amd64.
Preparing to unpack .../01-libdbus-1-3_1.14.10-1~deb12u1_amd64.deb ...
Unpacking libdbus-1-3:amd64 (1.14.10-1~deb12u1) ...
Selecting previously unselected package dbus-bin.
Preparing to unpack .../02-dbus-bin_1.14.10-1~deb12u1_amd64.deb ...
Unpacking dbus-bin (1.14.10-1~deb12u1) ...
Selecting previously unselected package dbus-session-bus-common.
Preparing to unpack .../03-dbus-session-bus-common_1.14.10-1~deb12u1_all.deb ...
Unpacking dbus-session-bus-common (1.14.10-1~deb12u1) ...
Selecting previously unselected package dbus-daemon.
Preparing to unpack .../04-dbus-daemon_1.14.10-1~deb12u1_amd64.deb ...
Unpacking dbus-daemon (1.14.10-1~deb12u1) ...
Selecting previously unselected package dbus-system-bus-common.
Preparing to unpack .../05-dbus-system-bus-common_1.14.10-1~deb12u1_all.deb ...
Unpacking dbus-system-bus-common (1.14.10-1~deb12u1) ...
Selecting previously unselected package dbus.
Preparing to unpack .../06-dbus_1.14.10-1~deb12u1_amd64.deb ...
Unpacking dbus (1.14.10-1~deb12u1) ...
Selecting previously unselected package runc.
Preparing to unpack .../07-runc_1.1.5+ds1-1+deb12u1_amd64.deb ...
Unpacking runc (1.1.5+ds1-1+deb12u1) ...
Selecting previously unselected package containerd.
Preparing to unpack .../08-containerd_1.6.20~ds1-1+b1_amd64.deb ...
Unpacking containerd (1.6.20~ds1-1+b1) ...
dpkg: error processing archive /tmp/apt-dpkg-install-z1Gyax/09-libip6tc2_1.8.9-2_amd64.deb (--unpack):
 cannot access archive '/tmp/apt-dpkg-install-z1Gyax/09-libip6tc2_1.8.9-2_amd64.deb': No such file or directory
dpkg: error processing archive /tmp/apt-dpkg-install-z1Gyax/10-libxtables12_1.8.9-2_amd64.deb (--unpack):
 cannot access archive '/tmp/apt-dpkg-install-z1Gyax/10-libxtables12_1.8.9-2_amd64.deb': No such file or directory
dpkg: error processing archive /tmp/apt-dpkg-install-z1Gyax/11-netbase_6.4_all.deb (--unpack):
 cannot access archive '/tmp/apt-dpkg-install-z1Gyax/11-netbase_6.4_all.deb': No such file or directory
dpkg: error processing archive /tmp/apt-dpkg-install-z1Gyax/12-libmnl0_1.0.4-3_amd64.deb (--unpack):
 cannot access archive '/tmp/apt-dpkg-install-z1Gyax/12-libmnl0_1.0.4-3_amd64.deb': No such file or directory
dpkg: error processing archive /tmp/apt-dpkg-install-z1Gyax/13-libnfnetlink0_1.0.2-2_amd64.deb (--unpack):
 cannot access archive '/tmp/apt-dpkg-install-z1Gyax/13-libnfnetlink0_1.0.2-2_amd64.deb': No such file or directory
dpkg: error processing archive /tmp/apt-dpkg-install-z1Gyax/14-libnetfilter-conntrack3_1.0.9-3_amd64.deb (--unpack):
 cannot access archive '/tmp/apt-dpkg-install-z1Gyax/14-libnetfilter-conntrack3_1.0.9-3_amd64.deb': No such file or directory
dpkg: error processing archive /tmp/apt-dpkg-install-z1Gyax/15-libnftnl11_1.2.4-2_amd64.deb (--unpack):
 cannot access archive '/tmp/apt-dpkg-install-z1Gyax/15-libnftnl11_1.2.4-2_amd64.deb': No such file or directory
dpkg: error processing archive /tmp/apt-dpkg-install-z1Gyax/16-iptables_1.8.9-2_amd64.deb (--unpack):
 cannot access archive '/tmp/apt-dpkg-install-z1Gyax/16-iptables_1.8.9-2_amd64.deb': No such file or directory
dpkg: error processing archive /tmp/apt-dpkg-install-z1Gyax/17-docker.io_20.10.24+dfsg1-1+b3_amd64.deb (--unpack):
 cannot access archive '/tmp/apt-dpkg-install-z1Gyax/17-docker.io_20.10.24+dfsg1-1+b3_amd64.deb': No such file or directory
dpkg: error processing archive /tmp/apt-dpkg-install-z1Gyax/18-libpython3.11-minimal_3.11.2-6+deb12u2_amd64.deb (--unpack):
 cannot access archive '/tmp/apt-dpkg-install-z1Gyax/18-libpython3.11-minimal_3.11.2-6+deb12u2_amd64.deb': No such file or directory
dpkg: error processing archive /tmp/apt-dpkg-install-z1Gyax/19-python3.11-minimal_3.11.2-6+deb12u2_amd64.deb (--unpack):
 cannot access archive '/tmp/apt-dpkg-install-z1Gyax/19-python3.11-minimal_3.11.2-6+deb12u2_amd64.deb': No such file or directory
Errors were encountered while processing:
 /tmp/apt-dpkg-install-z1Gyax/09-libip6tc2_1.8.9-2_amd64.deb
 /tmp/apt-dpkg-install-z1Gyax/10-libxtables12_1.8.9-2_amd64.deb
 /tmp/apt-dpkg-install-z1Gyax/11-netbase_6.4_all.deb
 /tmp/apt-dpkg-install-z1Gyax/12-libmnl0_1.0.4-3_amd64.deb
 /tmp/apt-dpkg-install-z1Gyax/13-libnfnetlink0_1.0.2-2_amd64.deb
 /tmp/apt-dpkg-install-z1Gyax/14-libnetfilter-conntrack3_1.0.9-3_amd64.deb
 /tmp/apt-dpkg-install-z1Gyax/15-libnftnl11_1.2.4-2_amd64.deb
 /tmp/apt-dpkg-install-z1Gyax/16-iptables_1.8.9-2_amd64.deb
 /tmp/apt-dpkg-install-z1Gyax/17-docker.io_20.10.24+dfsg1-1+b3_amd64.deb
 /tmp/apt-dpkg-install-z1Gyax/18-libpython3.11-minimal_3.11.2-6+deb12u2_amd64.deb
 /tmp/apt-dpkg-install-z1Gyax/19-python3.11-minimal_3.11.2-6+deb12u2_amd64.deb
E: Sub-process /usr/bin/dpkg returned an error code (1)
[8mha:////4Br8Ltu4InbVjmwxyuEqk37EC8o21xAfzKZ4/LIqGKmdAAAApR+LCAAAAAAAAP9tjTEOwjAQBC9BFLSUPOIiCkSBqNJabniBiY1xYt0Z2yGpeBFf4w8EIlGxxWpnm3m+YJkiHDlabA11jlLjMPjeTgsHjt3F84Atn7FhSuwNSjNI1qaeUXI2MKcoYSFgZajxnBzZDGvRqruqvCJbnXKcvoOA0ukbPKAQkzmrmL8wRthce52Yfp6/AhhDyFBu95/avQGOY4V7vgAAAA==[0m[Pipeline] }
[8mha:////4HMUEXcuUxps/T8YphZD4XJVekk+cdZAglFdBCTqmpjbAAAApR+LCAAAAAAAAP9tjTEOwjAQBC9BFLSUPOIiJAokRJXWcsMLTGyME+vO2A5JxYv4Gn8gEImKLVY728zzBcsU4cjRYmuoc5Qah8H3dlo4cOwungds+YwNU2JvUJpBsjb1jJKzgTlFCQsBK0ON5+TIZliLVt1V5RXZ6pTj9B0ElE7f4AGFmMxZxfyFMcLm2uvE9PP8FcAYQoZyu//U7g3N4dT9vgAAAA==[0m[Pipeline] // stage
[8mha:////4Po07CH9a48vW8HIYije/v+oYSjgGO2FynikJRwVkDNHAAAApx+LCAAAAAAAAP9tjTEOwjAUQ3+LOrAycohUiAkhpq5RFk4QmhDSRv+Xn5R24kRcjTvQUokJD5ZtyXqvNxSR4UTsRGOx9RhrL7rQuymJgbi9BhpEQxdRE0YKVig7KDK2WqqiZGFRlsNKwtpiHSh6dAk2stEPXQaNrjwnnrajhNybOzwhkxM5aU7fMjJsb72JhD/OXwCMXYJ8t5/tMD+LD21FAanCAAAA[0m[Pipeline] stage
[8mha:////4G+pLfbrzyjL3ddH19bRZMhGeHE4OBJyOivDN3z4vCcmAAAApx+LCAAAAAAAAP9tjTEOwjAUQ3+LOrAycogU2BDqxBp14QShCSFp9H9JUtKJE3E17kCgEhMeLNuS9Z4vqIKHhrxmVmFvMHSGDW7UObFEvr84SszSmXWEgZxirUotSXWca0tRwayihAWHpcLOUTCoI6y4FXdRO4G6PkWftwOH0sgbPKDgmRyFj98yeVhfRxkIf5y/AJiGCOV2n223+TyrN7xWSV3CAAAA[0m[Pipeline] { (Clone Repository)
Stage "Clone Repository" skipped due to earlier failure(s)
[8mha:////4Go8Z67+njivNGSV8RHfIq3GnYfE7wQcFVCdq38NE2ybAAAAox+LCAAAAAAAAP9tjTEOwjAQBC9BFLSUPOICtIgqreWGF5jYGCfWnbEdkooX8TX+QCASFVusdraZ5wuWKcKRo8XWUOcoNQ6D7+20cODYXTwP2PIZG6bE3qA0g2Rt6hklZwNzihIWAlaGGs/Jkc2wFq26q8orstUpx+k7CCidvsEDCjGZs4r5C2OEzbXXienn+SuAMWQo99tP7cIbaOP4NL4AAAA=[0m[Pipeline] getContext
[8mha:////4JoSpWBwssV2+XA/bJCONRCLN1LhkDISVIKjuqiDD3zqAAAAox+LCAAAAAAAAP9tjTEOwjAQBC9BFLSUPOKC0iIqWisNLzCJMXasO8d2cCpexNf4A4FIVGyx2tlmni9YxwBHDhqtot5QbA16N+p5YebQXx1ntHzBlimyU9io3HCnTgs2nBQsKUpYCdgoah1HQzrBVlh5l5WTpKtzCvN3EFCaboAHFGI2JxnSF6YAu9vYRaaf568AJu8TlHX9qf0b7E/nQb4AAAA=[0m[Pipeline] }
[8mha:////4EHVWBXSx4IAkZ0ZiUQ7pDE+X/qzu+sKopOCAZiTYuHPAAAApR+LCAAAAAAAAP9tjTEOwjAQBC9BFLSUPOIioEIoFa3lhheYxBgn1l2wHZyKF/E1/oBFJCq2WO1sM683LIOHmr3BTlNvKTQWBzeavDCx76+OE3Z8wYYpsNModZLc6tOMkqOGOUUJCwErTY3jYMlEWItOPVTlFJnqHH3+jgJK297hCYXI5qh8/MLkYXMb28D08/wVwDQMEcrdPtf28AEud0rYvgAAAA==[0m[Pipeline] // stage
[8mha:////4E4s2MwvBFsqDjhskF49PCXn7JKNVu/XEFlaf6nJ5kSoAAAAqB+LCAAAAAAAAP9tjT0OwjAUg1+LOrAycohU/GyoE2vUhROEJoSk0XslSUknTsTVuAOBSkx4sGxL1vd8QRU8NOQ1swp7g6EzbHCjzokl8v3FUWKWzqwjDOQUa1VqSarjXFuKCmYVJSw4LBV2joJBHWHFrbiL2gnU9Sn6vB04lEbe4AEFz+QofPyWycP6OspA+OP8BcA0RCg3u2zb/edZvQEuTHckwgAAAA==[0m[Pipeline] stage
[8mha:////4DMJxJ51D1H4UL1yBVlmixoMu9Uk1v6Kr8FptxXzTa4OAAAApx+LCAAAAAAAAP9tjTEOwjAUQ3+LOrAycohUQjAhpq5RFk4QmhDSRv+Xn5R24kRcjTvQUokJD5ZtyXqvNxSR4UTsRGOx9RhrL7rQuymJgbi9BhpEQxdRE0YKVig7KDK2WqqiZGFRlsNKwtpiHSh6dAk2stEPXQaNrjwnnrajhNybOzwhkxM5aU7fMjJsb72JhD/OXwCMXYJ8t5/tMD+LD/hYjrHCAAAA[0m[Pipeline] { (Setup Virtual Environment)
Stage "Setup Virtual Environment" skipped due to earlier failure(s)
[8mha:////4F4axoHotg3L4may8qe0nwoiVbOhZkiL9FypsdNPVfEnAAAApR+LCAAAAAAAAP9tjTEOwjAQBC9BFLSUPOIiIUGDqNJabniBiY1xYt0Z2yGpeBFf4w8EIlGxxWpnm3m+YJkiHDlabA11jlLjMPjeTgsHjt3F84Atn7FhSuwNSjNI1qaeUXI2MKcoYSFgZajxnBzZDGvRqruqvCJbnXKcvoOA0ukbPKAQkzmrmL8wRthce52Yfp6/AhhDhnK7+9Q+vAEIWoEpvgAAAA==[0m[Pipeline] getContext
[8mha:////4B3yYLz5sCWDe9FK+XmFdIu540nUcfPk+hvNMkwM9Tf9AAAApR+LCAAAAAAAAP9tjTEOwjAQBC9BFLSUPOIiISEKRJXWcsMLTGyME+vO2A5JxYv4Gn8gEImKLVY728zzBcsU4cjRYmuoc5Qah8H3dlo4cOwungds+YwNU2JvUJpBsjb1jJKzgTlFCQsBK0ON5+TIZliLVt1V5RXZ6pTj9B0ElE7f4AGFmMxZxfyFMcLm2uvE9PP8FcAYQoZyu//U7g3QKkBhvgAAAA==[0m[Pipeline] }
[8mha:////4Jf8WoxXbdc5hf+yNOPANVaSBxDj1X9O9lLbKUsuvzXLAAAApR+LCAAAAAAAAP9tjTEOwjAQBC9BFLSUPOIiIQokRJXWcsMLTGyME+vO2A5JxYv4Gn8gEImKLVY728zzBcsU4cjRYmuoc5Qah8H3dlo4cOwungds+YwNU2JvUJpBsjb1jJKzgTlFCQsBK0ON5+TIZliLVt1V5RXZ6pTj9B0ElE7f4AGFmMxZxfyFMcLm2uvE9PP8FcAYQoZyu//U7g2TqBHnvgAAAA==[0m[Pipeline] // stage
[8mha:////4CfAuXFa+kPVk9vAEDRxD4O2JcUWVSaAmqTjnw3nElJUAAAAqB+LCAAAAAAAAP9tjTEOwjAUQ3+LOrAycohUwIRQJ9aoCycITQhJo/9LkpJOnIircQcClZjwYNmWrPd8QRU8NOQ1swp7g6EzbHCjzokl8v3FUWKWzqwjDOQUa1VqSarjXFuKCmYVJSw4LBV2joJBHWHFrbiL2gnU9Sn6vB04lEbe4AEFz+QofPyWycP6OspA+OP8BcA0RCg3u2zb/edZvQHwX+mYwgAAAA==[0m[Pipeline] stage
[8mha:////4PUdQJdPFbhvtqPEgdmh4lUezRbADIPybIviiznmeSVcAAAAqB+LCAAAAAAAAP9tjTEOwjAUQ3+LOrAycogUwYRQJ9aoCycITQhJo/9LkpJOnIircQcClZjwYNmWrPd8QRU8NOQ1swp7g6EzbHCjzokl8v3FUWKWzqwjDOQUa1VqSarjXFuKCmYVJSw4LBV2joJBHWHFrbiL2gnU9Sn6vB04lEbe4AEFz+QofPyWycP6OspA+OP8BcA0RCi3+2y7zedZvQH4j6CMwgAAAA==[0m[Pipeline] { (Activate Virtual Environment and Install Dependencies)
Stage "Activate Virtual Environment and Install Dependencies" skipped due to earlier failure(s)
[8mha:////4I5cDCfy7iQF6DUHsPHHQx6Vc4F/fkFCWKapgq22hXBxAAAAox+LCAAAAAAAAP9tjTEOwjAQBC9BFLSUPOICokRUaS03vMDExjix7oztkFS8iK/xBwKRqNhitbPNPF+wTBGOHC22hjpHqXEYfG+nhQPH7uJ5wJbP2DAl9galGSRrU88oORuYU5SwELAy1HhOjmyGtWjVXVVeka1OOU7fQUDp9A0eUIjJnFXMXxgjbK69Tkw/z18BjCFDud9+ahfewYmQ+b4AAAA=[0m[Pipeline] getContext
[8mha:////4BRAy+xO1b/lFrxqRbznPngPNtKSpzx5If3yZQ0aR+olAAAAox+LCAAAAAAAAP9tjTEOwjAQBC9BFLSUPOKCoERUaS03vMDExjix7oztkFS8iK/xBwKRqNhitbPNPF+wTBGOHC22hjpHqXEYfG+nhQPH7uJ5wJbP2DAl9galGSRrU88oORuYU5SwELAy1HhOjmyGtWjVXVVeka1OOU7fQUDp9A0eUIjJnFXMXxgjbK69Tkw/z18BjCFkKPe7T23fGXWL/r4AAAA=[0m[Pipeline] }
[8mha:////4N8+4EoKxeLUDfDwtnZXrNespMUFLahjPso8cLfgMRUTAAAApR+LCAAAAAAAAP9tjTEOwjAQBC9BFLSUPMKRSIUQVVorDS8w8WGcWHfGdkgqXsTX+AMWkajYYrWzzbzesI4BThyM6JEGS7GzwrvR5CUmDsPV8SR6voiOKbJD0eLUssZmwZYTwpKihJWEDVLnOFoyCbayVw9VOUWmOqeQv6OE0uo7PKGQ2ZxUSF+YA+xuo45MP89fAczeJyjrOtf+8AFZLxBVvgAAAA==[0m[Pipeline] // stage
[8mha:////4AXod+mi+iNCbFdgZ/RKg5E/Jj7CLo4j+8dO46ZLTkA5AAAApx+LCAAAAAAAAP9tjTEOwjAUQ3+LOrAycohUqGyIqWuUhROEJIS00f8lSWknTsTVuAOBSkx4sGxL1nu+oIoBjhQs6wz2DqNybPCjzYlNFPqLp4l1dGaKMJI3TJhJkDbtUgUlA4uKElYc1gaVp+jQJtjwTt5l7SXa+pRC3g4cSqdv8ICCZ3KSIX3LHGB7HXUk/HH+AmAeEpS7Jluz/zyrN5pHAILCAAAA[0m[Pipeline] stage
[8mha:////4BXi5xd4IWXUJoiQdv7MYuU3cKyQtR2bTcVU2VDqahATAAAApx+LCAAAAAAAAP9tjTEOwjAUQ3+LOrAycoh0ACbE1DXKwglCE0La6P/yk9JOnIircQdaKjHhwbItWe/1hiIynIidaCy2HmPtRRd6NyUxELfXQINo6CJqwkjBCmUHRcZWS1WULCzKclhJWFusA0WPLsFGNvqhy6DRlefE03aUkHtzhydkciInzelbRobtrTeR8Mf5C4CxS5Dv9rMd5mfxASMfXIzCAAAA[0m[Pipeline] { (Integration Testing)
Stage "Integration Testing" skipped due to earlier failure(s)
[8mha:////4MPaJ+Z2Iob/KXVDyIR8kqKNMBaNPNYLHTwOYMB6PfP6AAAApB+LCAAAAAAAAP9tjTEOwjAQBC9BFLSUPOJSIGgQVVrLDS8wsTFOrDtjOyQVL+Jr/IFAJCq2WO1sM88XLFOEI0eLraHOUWocBt/baeHAsbt4HrDlMzZMib1BaQbJ2tQzSs4G5hQlLASsDDWekyObYS1adVeVV2SrU47TdxBQOn2DBxRiMmcV8xfGCJtrrxPTz/NXAGPIUG53n9qHN6Ew6eS+AAAA[0m[Pipeline] getContext
[8mha:////4JIHTbnE9wohJ7MVkad3Co/kNlY+/vXvgVXNvEIcZo3bAAAApR+LCAAAAAAAAP9tjTEOwjAQBC9BFLSUPOJSIESBqNJabniBiY1xYt0Z2yGpeBFf4w8EIlGxxWpnm3m+YJkiHDlabA11jlLjMPjeTgsHjt3F84Atn7FhSuwNSjNI1qaeUXI2MKcoYSFgZajxnBzZDGvRqruqvCJbnXKcvoOA0ukbPKAQkzmrmL8wRthce52Yfp6/AhhDyFBu95/avQElECzevgAAAA==[0m[Pipeline] }
[8mha:////4MGVU9b139mVafvuD+IpE37f6ovMUeoB9/0ayqOxzcMLAAAApR+LCAAAAAAAAP9tjTEOwjAQBC9BFLSUPOJSQIGEqNJabniBiY1xYt0Z2yGpeBFf4w8EIlGxxWpnm3m+YJkiHDlabA11jlLjMPjeTgsHjt3F84Atn7FhSuwNSjNI1qaeUXI2MKcoYSFgZajxnBzZDGvRqruqvCJbnXKcvoOA0ukbPKAQkzmrmL8wRthce52Yfp6/AhhDyFBu95/avQFmkn1YvgAAAA==[0m[Pipeline] // stage
[8mha:////4F/woCEm1jvtGDha2CQAEmfxu06gsrslSRiKSu8upbbcAAAAqB+LCAAAAAAAAP9tjTEOwjAUQ3+LOrAycohUqBNCTF2jLJwgJCGkjf4vSUo7cSKuxh0IVGLCg2Vbst7zBVUMcKRgWWewdxiVY4MfbU5sotBfPE2sozNThJG8YcJMgrRplyooGVhUlLDisDaoPEWHNsGGd/Iuay/R1qcU8nbgUDp9gwcUPJOTDOlb5gDb66gj4Y/zFwDzkKDcNdma/edZvQFEVJ4+wgAAAA==[0m[Pipeline] stage
[8mha:////4Pl5gHHMt0DCw9uA9rkE0EDmXQFl5keWeOzL5AHIltftAAAAqB+LCAAAAAAAAP9tjTEOwjAUQ3+LOrAycogUCRaEOrFGXThBaEJIGv1fkpR04kRcjTsQqMSEB8u2ZL3nC6rgoSGvmVXYGwydYYMbdU4ske8vjhKzdGYdYSCnWKtSS1Id59pSVDCrKGHBYamwcxQM6ggrbsVd1E6grk/R5+3AoTTyBg8oeCZH4eO3TB7W11EGwh/nLwCmIUK53WfbbT7P6g0Z/aLSwgAAAA==[0m[Pipeline] { (OWASP DependencyCheck)
Stage "OWASP DependencyCheck" skipped due to earlier failure(s)
[8mha:////4KUlHOE6sftTDBowMcBQxLDncrGQI7IpmpIeH00LHDkuAAAApB+LCAAAAAAAAP9tjTEOwjAQBC9BFLSUPOICEh2iSmu54QUmNsaJdWdsh6TiRXyNPxCIRMUWq51t5vmCZYpw5GixNdQ5So3D4Hs7LRw4dhfPA7Z8xoYpsTcozSBZm3pGydnAnKKEhYCVocZzcmQzrEWr7qryimx1ynH6DgJKp2/wgEJM5qxi/sIYYXPtdWL6ef4KYAwZyv32U7vwBl2WGva+AAAA[0m[Pipeline] getContext
[8mha:////4K60UksV/xVKvRrxjQL4k/57lZEHYJhGRoKyqkHHHYx4AAAApB+LCAAAAAAAAP9tjTEOwjAQBC9BFLSUPOKCEB2iSmu54QUmNsaJdWdsh6TiRXyNPxCIRMUWq51t5vmCZYpw5GixNdQ5So3D4Hs7LRw4dhfPA7Z8xoYpsTcozSBZm3pGydnAnKKEhYCVocZzcmQzrEWr7qryimx1ynH6DgJKp2/wgEJM5qxi/sIYYXPtdWL6ef4KYAwhQ7nffWr7BlDdbXS+AAAA[0m[Pipeline] }
[8mha:////4FzmPEfZMUDrW6JeKxAf7VnidUCJ12KC5ixeniEO10QgAAAApR+LCAAAAAAAAP9tjTEOwjAQBC9BFLSUPOJShAYhqrRWGl5gYmOcWHfGdkgqXsTX+AMWkajYYrWzzbzesI4BThwM9poGS7Gz6N1o8sKJw3B1PGHPF+yYIjuNrZ5aVrpZsOWkYUlRwkrARlPnOFoyCbailw9ZOUmmOqeQv6OA0qo7PKEQ2ZxkSF+YA+xuo4pMP89fAczeJyj3da768AGWIKyJvgAAAA==[0m[Pipeline] // stage
[8mha:////4JS3Uzu+thZ4In6WZ/cK0KWPrxKsAwVXMsQ6wMHku+QWAAAApx+LCAAAAAAAAP9tjTEOwjAUQ3+LOrAycohUiG6IqWuUhROEJIS00f8lSWknTsTVuAOBSkx4sGxL1nu+oIoBjhQs6wz2DqNybPCjzYlNFPqLp4l1dGaKMJI3TJhJkDbtUgUlA4uKElYc1gaVp+jQJtjwTt5l7SXa+pRC3g4cSqdv8ICCZ3KSIX3LHGB7HXUk/HH+AmAeEpS7fbam+TyrNxR5p0fCAAAA[0m[Pipeline] stage
[8mha:////4AhIxWxBZibV85BAzsBFoJarKndcbFw18xAn3K5FpUprAAAAph+LCAAAAAAAAP9tjTEOwjAUQ3+LOrAycoh0KRNiYo2ycILQhJA0+r9NUtKJE3E17kBLJSY8WLYl673eUMUAJwqGOY2dxdha1vvRzIllCt3NU2aOrqwljOQ1EzoLUvq8VkFJw6qihA2HrcbWU7RoEuy4kw9Ze4mmvqQwb0cOpVUDPKHgMznJkL5lCrC/jyoS/jh/ATD1CcqmWeywPKsPIshjPcIAAAA=[0m[Pipeline] { (Build Docker Image)
Stage "Build Docker Image" skipped due to earlier failure(s)
[8mha:////4FtJXzBFYIH0/3sNCqLszTe4RQqe8W1pnEofr/J9fZU8AAAApB+LCAAAAAAAAP9tjTEOwjAQBC9BFLSUPOLSAA2iSmu54QUmNsaJdWdsh6TiRXyNPxCIRMUWq51t5vmCZYpw5GixNdQ5So3D4Hs7LRw4dhfPA7Z8xoYpsTcozSBZm3pGydnAnKKEhYCVocZzcmQzrEWr7qryimx1ynH6DgJKp2/wgEJM5qxi/sIYYXPtdWL6ef4KYAwZyu3uU/vwBj0vY+u+AAAA[0m[Pipeline] getContext
[8mha:////4BZWJdvIpCb6XI0eC/ofnwmi44k2fa+YyfVGrxP3EpdTAAAApB+LCAAAAAAAAP9tjTEOwjAQBC9BFLSUPOLSgCgQVVrLDS8wsTFOrDtjOyQVL+Jr/IFAJCq2WO1sM88XLFOEI0eLraHOUWocBt/baeHAsbt4HrDlMzZMib1BaQbJ2tQzSs4G5hQlLASsDDWekyObYS1adVeVV2SrU47TdxBQOn2DBxRiMmcV8xfGCJtrrxPTz/NXAGMIGcrt/lO7N2y4ylS+AAAA[0m[Pipeline] }
[8mha:////4AsNqcrDqsrb1yV9SQ0Bc7MT1w9YZfsCz64uo1cLr8YBAAAApB+LCAAAAAAAAP9tjTESwiAURH/iWNhaegjSpHDGsbJlaDwBJogQ5n8CRFJ5Iq/mHUQzY+UWO/u2ec8XrGOAIwXNrMLBYOwM827SZbFMYbg6yszShXWEkZxiQmVBvTotKCgpWFLVsOKwUdg5igZ1gi238i4bJ1E35xTKd+BQm36EB1S8mJMM6QtzgN1t6iPhz/NXALP3Cep2/6n2DS86m9K+AAAA[0m[Pipeline] // stage
[8mha:////4GlTIcCPyFIMf9YuuDlJ0Czt8omf4ymVa56GHObybPE0AAAAqB+LCAAAAAAAAP9tjTEOwjAUQ3+LOrAycohUCBaEOrFGXThBaEJIGv1fkpR04kRcjTsQqMSEB8u2ZL3nC6rgoSGvmVXYGwydYYMbdU4ske8vjhKzdGYdYSCnWKtSS1Id59pSVDCrKGHBYamwcxQM6ggrbsVd1E6grk/R5+3AoTTyBg8oeCZH4eO3TB7W11EGwh/nLwCmIUK52Wbb7T/P6g3Kajn7wgAAAA==[0m[Pipeline] stage
[8mha:////4DO22rLMC3EmPubgIBPCbFaLh/BojrI5JXZwW8l3uh/eAAAAqB+LCAAAAAAAAP9tjTEOwjAUQ3+LOrAycoiUAQaEOrFGXThBaEJIGv1fkpR04kRcjTsQqMSEB8u2ZL3nC6rgoSGvmVXYGwydYYMbdU4ske8vjhKzdGYdYSCnWKtSS1Id59pSVDCrKGHBYamwcxQM6ggrbsVd1E6grk/R5+3AoTTyBg8oeCZH4eO3TB7W11EGwh/nLwCmIUK53WfbbT7P6g0iH00AwgAAAA==[0m[Pipeline] { (Deploy Flask App)
Stage "Deploy Flask App" skipped due to earlier failure(s)
[8mha:////4FsxkaLBHnTltbtKly/X84yw/Us8BNAVNsWX92soOtldAAAApB+LCAAAAAAAAP9tjTEOwjAQBC9BFLSUPOICBRWiSmu54QUmNsaJdWdsh6TiRXyNPxCIRMUWq51t5vmCZYpw5GixNdQ5So3D4Hs7LRw4dhfPA7Z8xoYpsTcozSBZm3pGydnAnKKEhYCVocZzcmQzrEWr7qryimx1ynH6DgJKp2/wgEJM5qxi/sIYYXPtdWL6ef4KYAwZyv32U7vwBvT8cju+AAAA[0m[Pipeline] getContext
[8mha:////4JY+ZXjH2F6fKPWowOHRNPfkVT/Ocsn4yWuJvfWtnIz3AAAApB+LCAAAAAAAAP9tjTEOwjAQBC9BFLSUPOKCkKgQVVrLDS8wsTFOrDtjOyQVL+Jr/IFAJCq2WO1sM88XLFOEI0eLraHOUWocBt/baeHAsbt4HrDlMzZMib1BaQbJ2tQzSs4G5hQlLASsDDWekyObYS1adVeVV2SrU47TdxBQOn2DBxRiMmcV8xfGCJtrrxPTz/NXAGMIGcr97lPbN6XnAcu+AAAA[0m[Pipeline] }
[8mha:////4A4qW96VG35sfhqSne5aQ2FYIWo+Enu2kzZpbPs/61I7AAAApR+LCAAAAAAAAP9tjTEOwjAQBC9BFLSUPOJSAAVCqWgtN7zAJMY4se6C7eBUvIiv8QcsIlGxxWpnm3m9YRk81OwNdpp6S6GxOLjR5IWJfX91nLDjCzZMgZ1GqZPkVp9mlBw1zClKWAhYaWocB0smwlp06qEqp8hU5+jzdxRQ2vYOTyhENkfl4xcmD5vb2Aamn+evAKZhiFDut7l2hw/lvZpgvgAAAA==[0m[Pipeline] // stage
[8mha:////4COEwkaQt8Es2lMFXro/Kz9tw2o3vma8uNtVHFQn23FuAAAAqB+LCAAAAAAAAP9tjTEOwjAUQ3+LOrAycohUCJhQJ9aoCycITQhJo/9LkpJOnIircQcClZjwYNmWrPd8QRU8NOQ1swp7g6EzbHCjzokl8v3FUWKWzqwjDOQUa1VqSarjXFuKCmYVJSw4LBV2joJBHWHFrbiL2gnU9Sn6vB04lEbe4AEFz+QofPyWycP6OspA+OP8BcA0RCg322z73edZvQGgctDhwgAAAA==[0m[Pipeline] stage
[8mha:////4D0lcjnl91gZ2XM9huiitbAPvbptMeFblazw2A/iiTwHAAAAph+LCAAAAAAAAP9tjTEOwjAUQ3+DOrAycoh0oRNiYo26cILQhJA0+r9NUtKJE3E17kBLJSY8WLYl673eUMYAJwqGO42dxdha3vvRzIlnCt3NU+aOrrwljOQ1b3RuSOnzWhtKGlYVDDYCthpbT9GiSbATTj5k5SWa6pLCvB0FMKsGeEIhZnKSIX3LFGB/H1Uk/HH+AmDqE7D6sFi9PMsP+Y+xAMIAAAA=[0m[Pipeline] { (Declarative: Post Actions)
[8mha:////4MvjmxRzewbyxzyThaQRe5W9e4YhdpKI9UrcPkNFUZPKAAAAox+LCAAAAAAAAP9tjTESwiAURH/iWNhaeghSxcaxsmVoPAEmiBDmfwJEUnkir+YdRDNj5RY7+7Z5zxesY4AjBc2swsFg7AzzbtJlsUxhuDrKzNKFdYSRnGJCZUG9Oi0oKClYUtWw4rBR2DmKBnWCLbfyLhsnUTfnFMp34FCbfoQHVLyYkwzpC3OA3W3qI+HP81cAs09Qt+2n9v4NlEULJr4AAAA=[0m[Pipeline] archiveArtifacts
Archiving artifacts
[8mha:////4PpP3qY+SRe/GrGWC51lEQTi85YFwHmi80XRDOmGJaEoAAAApx+LCAAAAAAAAP9tjTEOwjAUQ3+LOrAycoh0qhgQE2uUhROEJoSk0f9tkpJOnIircQdaKjHhwbItWe/1hioGOFEwzGnsLMbWst6PZk4sU+hunjJzdGUtYSSvmdBZkNLntQpKGlYVJWw4bDW2nqJFk2DHnXzI2ks09SWFeTtyKK0a4AkFn8lJhvQtU4D9fVSR8Mf5C4CpT1A2zWKH5Vl9ADLx94zCAAAA[0m[Pipeline] script
[8mha:////4JVtaE0tvkzlmUFA3g6aMOWhKacO7cH2tRAdQ5UomgpoAAAApx+LCAAAAAAAAP9tjTEOwjAUQ3+LOrAycoh0QiAhpq5RFk4QmhDSRv+Xn5R24kRcjTvQUokJD5ZtyXqvNxSR4UTsRGOx9RhrL7rQuymJgbi9BhpEQxdRE0YKVig7KDK2WqqiZGFRlsNKwtpiHSh6dAk2stEPXQaNrjwnnrajhNybOzwhkxM5aU7fMjJsb72JhD/OXwCMXYJ8t5/tMD+LDyb6zSXCAAAA[0m[Pipeline] {
[8mha:////4JpPtQlZbb8wpneevq2ZEuny6MmIyNOclv3YDm7RhZO1AAAApB+LCAAAAAAAAP9tjTEOwjAQBC9BFLSUPOJSIYEQVVrLDS8wsTFOrDtjOyQVL+Jr/IFAJCq2WO1sM88XLFOEI0eLraHOUWocBt/baeHAsbt4HrDlMzZMib1BaQbJ2tQzSs4G5hQlLASsDDWekyObYS1adVeVV2SrU47TdxBQOn2DBxRiMmcV8xfGCJtrrxPTz/NXAGPIUG53n9qHN5s4RMC+AAAA[0m[Pipeline] echo
Build failed, not deploying Flask app.
[8mha:////4DlghQbz+g7BNHLz09p6t7FkMQLBm09e4yT+mvB+/KH9AAAApR+LCAAAAAAAAP9tjTEOwjAQBC9BFLSUPOJCA0JCqWgtN7zAJMY4se6C7eBUvIiv8QcsIlGxxWpnm3m9YRk81OwNdpp6S6GxOLjR5IWJfX91nLDjCzZMgZ1GqZPkVp9mlBw1zClKWAhYaWocB0smwlp06qEqp8hU5+jzdxRQ2vYOTyhENkfl4xcmD5vb2Aamn+evAKZhiFDut7l2hw8B1Pq5vgAAAA==[0m[Pipeline] }
[8mha:////4IK4HvDlCKMouE6rOjvxlEttRmYHKw22oR68rjsZEwJWAAAApR+LCAAAAAAAAP9tjTEOwjAQBC9BFLSUPOIiCqBAqWgtN7zAJMY4se6C7eBUvIiv8QcsIlGxxWpnm3m9YRk81OwNdpp6S6GxOLjR5IWJfX91nLDjCzZMgZ1GqZPkVp9mlBw1zClKWAhYaWocB0smwlp06qEqp8hU5+jzdxRQ2vYOTyhENkfl4xcmD5vb2Aamn+evAKZhiFDut7l2hw81GhnivgAAAA==[0m[Pipeline] // script
[8mha:////4Jeo67V9kz7DbQy31TaBXzlwW6gtYNvCKicTz0KQW0MJAAAApR+LCAAAAAAAAP9tjTEOwjAQBC9BFLSUPMKRkEKDqNJaaXiBiQ/jxLoztkNS8SK+xh+wiETFFqudbeb1hnUMcOJgRI80WIqdFd6NJi8xcRiujifR80V0TJEdihanljU2C7acEJYUJawkbJA6x9GSSbCVvXqoyiky1TmF/B0llFbf4QmFzOakQvrCHGB3G3Vk+nn+CmD2PkF52Oeq6w+3CYOKvgAAAA==[0m[Pipeline] }
[8mha:////4IXA91S193t0dXCX5677AfSIxBvW0ZaVRY2zNb5UewISAAAApR+LCAAAAAAAAP9tjTsOwjAQRDdBFLSUHGJT8GlQKlrLDScwiTFOrN1gOzgVJ+Jq3AGLSFRMMZo3zXu9YRk81OwNdpp6S6GxOLjR5IWJfX91nLDjCzZMgZ1GqZPkVp9mlBw1zClKWAhYaWocB0smwlp06qEqp8hU5+jzdxRQ2vYOTyhENkfl4xcmD5vb2Aamn+evAKZhiFAetrn2uw+E6tg2vgAAAA==[0m[Pipeline] // stage
[8mha:////4DjKXIe9XRIVIVOMunglspLl0RaYAfHEAmwMVhD3+L9SAAAApR+LCAAAAAAAAP9tjTEOwjAQBC9BFLSUPOIiBKJBqWgtN7zAJMY4se6C7eBUvIiv8QcsIlGxxWpnm3m9YRk81OwNdpp6S6GxOLjR5IWJfX91nLDjCzZMgZ1GqZPkVp9mlBw1zClKWAhYaWocB0smwlp06qEqp8hU5+jzdxRQ2vYOTyhENkfl4xcmD5vb2Aamn+evAKZhiFAe9rm2uw+bitXRvgAAAA==[0m[Pipeline] }
[8mha:////4PsU4AxeNLufUmp/Cu02aJ9uXXh5IpIC2ZVvRvT65JrqAAAApR+LCAAAAAAAAP9tjTEOwjAQBC9BFLSUPOIikKBBqWgtN7zAJMY4se6C7eBUvIiv8QcsIlGxxWpnm3m9YRk81OwNdpp6S6GxOLjR5IWJfX91nLDjCzZMgZ1GqZPkVp9mlBw1zClKWAhYaWocB0smwlp06qEqp8hU5+jzdxRQ2vYOTyhENkfl4xcmD5vb2Aamn+evAKZhiFAe9rm2uw+oaY5tvgAAAA==[0m[Pipeline] // withEnv
[8mha:////4O4VKlkMBGCYD4GVxA/TiIYJuoEiLYzvTUAzxjFNRbFfAAAApB+LCAAAAAAAAP9tjTEOwjAQBC9BFLSUPMJRmjSIitZKwwtMbIwT686xLyQVL+Jr/AGLSFRssdrZZl5v2KYIJ4pW9AYHh6lzIvjJ5iVmisPN0yx6uoqOMJE3ojVzS9qcV2yJDawpSthI2BnsPCWHlmEve/VQlVdoqwvH/B0llE6P8IRCZjOryF9YIhzuk06EP89fASwhMJRNk6uuP7xKE3K+AAAA[0m[Pipeline] }
[8mha:////4KB665MlSFFvzhuRthy/M0Lde44v2mbtxaaEALVbF4pVAAAApR+LCAAAAAAAAP9tjTEOwjAQBC9BFLSUPOICDRQoFa3lhheYxBgn1l2wHZyKF/E1/oBFJCq2WO1sM683LIOHmr3BTlNvKTQWBzeavDCx76+OE3Z8wYYpsNModZLc6tOMkqOGOUUJCwErTY3jYMlEWItOPVTlFJnqHH3+jgJK297hCYXI5qh8/MLkYXMb28D08/wVwDQMEcr9Iddu+wGPqUjOvgAAAA==[0m[Pipeline] // withEnv
[8mha:////4Bnj70GRRSjNwE4qTMUPMrvmaAEvt7GdlmgQSY6uK4b2AAAApB+LCAAAAAAAAP9tjTEOwjAQBDdBFLSUPMJpEEJCVLRWGl5gEmOcWHfBvpBUvIiv8QciIlGx1c4083pjmSKOHJ1qLLWeUuVVF3o3PTVwbK+BB9XwRVVMiYNVpR1Kru1pxpLFYl6WY6GxslQFTp6cYK0b8zBFMOSKs8TJHTRyX9/xRKanspgoXxgjNre+Tky/zt8Axq4T5Lu9INt+APxQMP+9AAAA[0m[Pipeline] }
[8mha:////4Ed5XnR+d5KynfJewC5EkuMg7QmXgj9aCcWvc+UDz9zUAAAApB+LCAAAAAAAAP9tjTEOwjAQBDdBFLSUPMIpkJAQoqK10vACkxjjxLoL9oWk4kV8jT8QEYmKrXammdcbyxRx5OhUY6n1lCqvutC76amBY3sNPKiGL6piShysKu1Qcm1PM5YsFvOyHAuNlaUqcPLkBGvdmIcpgiFXnCVO7qCR+/qOJzI9lcVE+cIYsbn1dWL6df4GMHadIN/tBdn2A+/sNFy9AAAA[0m[Pipeline] // node
[8mha:////4AyxNiqNhmaYzNaufW77QXGL5/gb+1MiwYTSxbxSs0OPAAAAox+LCAAAAAAAAP9tjTEOwjAQBDdBFLSUPMJBNBSIitZKwwtMYowT6y7YF5KKF/E1/kBEJCq22plmXm8sU8SRo1ONpdZTqrzqQu+mpwaO7TXwoBq+qIopcbCqtEPJtT3NWLJYzMtyLDRWlqrAyZMTrHVjHqYIhlxxlji5g0bu6zueyPRUFhPlC2PE5tbXienX+RvA2HWCfL8VZLsPrW1/7b0AAAA=[0m[Pipeline] End of Pipeline
ERROR: script returned exit code 100
Finished: FAILURE
